2025-08-20 17:55:00 | INFO | repo=course-sys-int-systems | action=commit
2025-02-10 15:09:00 | INFO | repo=course-sys-int-systems | action=commit
2025-02-06 12:46:00 | INFO | repo=course-sys-int-systems | action=edit | files=2
2025-02-14 12:17:00 | INFO | repo=course-sys-int-systems | action=commit
2025-10-10 14:05:00 | INFO | repo=course-sys-int-systems | action=commit
2025-12-21 18:37:00 | WARN | repo=course-sys-int-systems | action=edit | files=5
2025-07-28 13:42:00 | DEBUG | repo=course-sys-int-systems | action=test | passed=true
2025-06-08 21:19:00 | DEBUG | repo=course-sys-int-systems | action=commit
2025-12-14 10:00:00 | WARN | repo=course-sys-int-systems | action=commit
2025-04-13 18:39:00 | DEBUG | repo=course-sys-int-systems | action=commit
2025-12-26 17:50:00 | INFO | repo=course-sys-int-systems | action=commit
2025-12-09 21:28:00 | WARN | repo=course-sys-int-systems | action=commit
2025-12-15 12:07:00 | DEBUG | repo=course-sys-int-systems | action=edit | files=2
2025-10-11 11:00:00 | INFO | repo=course-sys-int-systems | action=commit
2025-09-14 14:07:00 | INFO | repo=course-sys-int-systems | action=test | passed=true
2025-08-09 16:07:00 | INFO | repo=course-sys-int-systems | action=commit
2025-03-03 11:02:00 | WARN | repo=course-sys-int-systems | action=commit
2025-08-20 18:14:00 | INFO | repo=course-sys-int-systems | action=commit
2025-07-10 21:15:00 | INFO | repo=course-sys-int-systems | action=commit
2025-01-14 14:57:00 | WARN | repo=course-sys-int-systems | action=commit
2025-02-07 20:54:00 | WARN | repo=course-sys-int-systems | action=commit
2025-05-25 08:00:00 | DEBUG | repo=course-sys-int-systems | action=commit
2025-09-16 16:15:00 | INFO | repo=course-sys-int-systems | action=commit
2025-09-07 14:58:00 | INFO | repo=course-sys-int-systems | action=commit
2025-03-07 20:16:00 | DEBUG | repo=course-sys-int-systems | action=commit
2025-06-28 18:04:00 | WARN | repo=course-sys-int-systems | action=edit | files=4
2025-05-03 12:56:00 | DEBUG | repo=course-sys-int-systems | action=pull
2025-08-17 19:51:00 | DEBUG | repo=course-sys-int-systems | action=pull
2025-04-07 15:04:00 | DEBUG | repo=course-sys-int-systems | action=commit
2025-05-24 11:02:00 | DEBUG | repo=course-sys-int-systems | action=commit
2025-05-06 13:43:00 | DEBUG | repo=course-sys-int-systems | action=commit
2025-01-04 19:49:00 | WARN | repo=course-sys-int-systems | action=commit
2025-11-27 08:29:00 | WARN | repo=course-sys-int-systems | action=commit
2025-04-27 21:13:00 | INFO | repo=course-sys-int-systems | action=commit
2025-08-06 12:27:00 | INFO | repo=course-sys-int-systems | action=commit
2025-03-02 12:42:00 | DEBUG | repo=course-sys-int-systems | action=edit | files=4
2025-01-09 08:05:00 | DEBUG | repo=course-sys-int-systems | action=edit | files=5
2025-06-15 20:06:00 | INFO | repo=course-sys-int-systems | action=commit
2025-05-21 19:02:00 | DEBUG | repo=course-sys-int-systems | action=commit
2025-02-19 19:52:00 | WARN | repo=course-sys-int-systems | action=pull
2025-06-15 18:48:00 | WARN | repo=course-sys-int-systems | action=commit
2025-01-19 19:23:00 | DEBUG | repo=course-sys-int-systems | action=pull
2025-08-16 18:31:00 | DEBUG | repo=course-sys-int-systems | action=commit
2025-06-24 18:22:00 | INFO | repo=course-sys-int-systems | action=test | passed=true
2025-01-03 13:10:00 | WARN | repo=course-sys-int-systems | action=pull
2025-11-03 14:24:00 | WARN | repo=course-sys-int-systems | action=pull
2025-08-10 08:19:00 | WARN | repo=course-sys-int-systems | action=test | passed=true
2025-07-05 09:29:00 | WARN | repo=course-sys-int-systems | action=pull
2025-04-17 17:11:00 | WARN | repo=course-sys-int-systems | action=commit
2025-02-27 14:27:00 | WARN | repo=course-sys-int-systems | action=test | passed=true
2025-03-27 07:58:00 | WARN | repo=course-sys-int-systems | action=commit
2025-02-26 20:13:00 | INFO | repo=course-sys-int-systems | action=test | passed=true
2025-04-15 08:23:00 | DEBUG | repo=course-sys-int-systems | action=commit
2025-07-09 18:34:00 | WARN | repo=course-sys-int-systems | action=edit | files=2
2025-04-22 07:50:00 | WARN | repo=course-sys-int-systems | action=commit
2025-01-11 18:39:00 | INFO | repo=course-sys-int-systems | action=test | passed=true
2025-08-26 11:32:00 | INFO | repo=course-sys-int-systems | action=commit
2025-03-04 13:55:00 | INFO | repo=course-sys-int-systems | action=edit | files=2
2025-10-13 11:13:00 | WARN | repo=course-sys-int-systems | action=commit
2025-11-13 18:59:00 | WARN | repo=course-sys-int-systems | action=test | passed=true
2025-06-02 21:07:00 | DEBUG | repo=course-sys-int-systems | action=commit
2025-11-19 19:02:00 | INFO | repo=course-sys-int-systems | action=commit
2025-10-15 09:32:00 | INFO | repo=course-sys-int-systems | action=commit
2025-09-21 12:20:00 | INFO | repo=course-sys-int-systems | action=commit
2025-03-20 20:59:00 | INFO | repo=course-sys-int-systems | action=commit
2025-04-15 07:23:00 | INFO | repo=course-sys-int-systems | action=commit
2025-12-24 17:30:00 | WARN | repo=course-sys-int-systems | action=commit
2025-01-25 09:44:00 | INFO | repo=course-sys-int-systems | action=commit
2025-09-28 08:26:00 | WARN | repo=course-sys-int-systems | action=commit
2025-08-15 21:35:00 | INFO | repo=course-sys-int-systems | action=commit
2025-08-10 07:10:00 | INFO | repo=course-sys-int-systems | action=commit
2025-03-16 16:08:00 | INFO | repo=course-sys-int-systems | action=edit | files=5
2025-07-03 13:22:00 | DEBUG | repo=course-sys-int-systems | action=commit
2025-01-14 10:01:00 | INFO | repo=course-sys-int-systems | action=commit
2025-02-06 14:34:00 | WARN | repo=course-sys-int-systems | action=commit
2025-07-19 20:26:00 | DEBUG | repo=course-sys-int-systems | action=commit
2025-08-16 17:47:00 | DEBUG | repo=course-sys-int-systems | action=commit
2025-10-01 07:14:00 | INFO | repo=course-sys-int-systems | action=commit
2025-03-01 15:09:00 | INFO | repo=course-sys-int-systems | action=edit | files=1
2025-04-05 08:27:00 | DEBUG | repo=course-sys-int-systems | action=edit | files=3
2025-08-15 08:49:00 | INFO | repo=course-sys-int-systems | action=commit
2025-10-12 09:49:00 | WARN | repo=course-sys-int-systems | action=commit
2025-11-05 17:08:00 | INFO | repo=course-sys-int-systems | action=commit
2025-03-14 08:55:00 | INFO | repo=course-sys-int-systems | action=commit
2025-04-11 15:54:00 | DEBUG | repo=course-sys-int-systems | action=edit | files=1
2025-07-09 11:08:00 | INFO | repo=course-sys-int-systems | action=commit
2025-01-05 09:37:00 | WARN | repo=course-sys-int-systems | action=commit
2025-05-02 21:22:00 | DEBUG | repo=course-sys-int-systems | action=test | passed=true
2025-02-12 20:00:00 | INFO | repo=course-sys-int-systems | action=pull
2025-06-01 16:33:00 | INFO | repo=course-sys-int-systems | action=test | passed=true
2025-03-25 14:31:00 | INFO | repo=course-sys-int-systems | action=test | passed=true
2025-05-19 08:07:00 | DEBUG | repo=course-sys-int-systems | action=commit
2025-10-06 19:05:00 | DEBUG | repo=course-sys-int-systems | action=pull
2025-06-01 14:56:00 | WARN | repo=course-sys-int-systems | action=commit
2025-03-14 07:02:00 | DEBUG | repo=course-sys-int-systems | action=pull
2025-07-19 20:13:00 | WARN | repo=course-sys-int-systems | action=commit
2025-06-02 07:07:00 | WARN | repo=course-sys-int-systems | action=test | passed=true
2025-06-13 19:36:00 | INFO | repo=course-sys-int-systems | action=commit
2025-12-12 10:10:00 | INFO | repo=course-sys-int-systems | action=commit
2025-03-18 14:07:00 | WARN | repo=course-sys-int-systems | action=test | passed=true
2025-03-01 15:54:00 | INFO | repo=course-sys-int-systems | action=commit
2025-11-28 12:44:00 | WARN | repo=course-sys-int-systems | action=commit
2025-06-14 21:43:00 | DEBUG | repo=course-sys-int-systems | action=edit | files=2
2025-12-02 15:23:00 | DEBUG | repo=course-sys-int-systems | action=commit
2025-04-19 07:42:00 | DEBUG | repo=course-sys-int-systems | action=commit
